{"C:\\Users\\nassi\\Desktop\\BOTI\\boti\\BotiMobile\\App.tsx": {"path":"C:\\Users\\nassi\\Desktop\\BOTI\\boti\\BotiMobile\\App.tsx","statementMap":{"0":{"start":{"line":15,"column":14},"end":{"line":15,"column":56}},"1":{"start":{"line":17,"column":19},"end":{"line":66,"column":1}},"2":{"start":{"line":18,"column":15},"end":{"line":18,"column":57}},"3":{"start":{"line":18,"column":41},"end":{"line":18,"column":56}},"4":{"start":{"line":21,"column":2},"end":{"line":33,"column":19}},"5":{"start":{"line":22,"column":4},"end":{"line":32,"column":5}},"6":{"start":{"line":23,"column":36},"end":{"line":26,"column":7}},"7":{"start":{"line":24,"column":32},"end":{"line":24,"column":84}},"8":{"start":{"line":25,"column":8},"end":{"line":25,"column":46}},"9":{"start":{"line":27,"column":6},"end":{"line":27,"column":30}},"10":{"start":{"line":28,"column":6},"end":{"line":31,"column":8}},"11":{"start":{"line":29,"column":32},"end":{"line":29,"column":77}},"12":{"start":{"line":30,"column":8},"end":{"line":30,"column":39}},"13":{"start":{"line":35,"column":2},"end":{"line":65,"column":4}},"14":{"start":{"line":69,"column":2},"end":{"line":78,"column":4}}},"fnMap":{"0":{"name":"(anonymous_0)","decl":{"start":{"line":17,"column":19},"end":{"line":17,"column":20}},"loc":{"start":{"line":17,"column":25},"end":{"line":66,"column":1}},"line":17},"1":{"name":"(anonymous_1)","decl":{"start":{"line":18,"column":30},"end":{"line":18,"column":31}},"loc":{"start":{"line":18,"column":41},"end":{"line":18,"column":56}},"line":18},"2":{"name":"(anonymous_2)","decl":{"start":{"line":21,"column":18},"end":{"line":21,"column":19}},"loc":{"start":{"line":21,"column":24},"end":{"line":33,"column":3}},"line":21},"3":{"name":"(anonymous_3)","decl":{"start":{"line":23,"column":36},"end":{"line":23,"column":37}},"loc":{"start":{"line":23,"column":48},"end":{"line":26,"column":7}},"line":23},"4":{"name":"(anonymous_4)","decl":{"start":{"line":28,"column":13},"end":{"line":28,"column":14}},"loc":{"start":{"line":28,"column":19},"end":{"line":31,"column":7}},"line":28},"5":{"name":"App","decl":{"start":{"line":68,"column":24},"end":{"line":68,"column":27}},"loc":{"start":{"line":68,"column":30},"end":{"line":79,"column":1}},"line":68}},"branchMap":{"0":{"loc":{"start":{"line":22,"column":4},"end":{"line":32,"column":5}},"type":"if","locations":[{"start":{"line":22,"column":4},"end":{"line":32,"column":5}},{"start":{},"end":{}}],"line":22},"1":{"loc":{"start":{"line":39,"column":11},"end":{"line":61,"column":11}},"type":"cond-expr","locations":[{"start":{"line":40,"column":12},"end":{"line":44,"column":14}},{"start":{"line":46,"column":12},"end":{"line":60,"column":15}}],"line":39},"2":{"loc":{"start":{"line":47,"column":15},"end":{"line":59,"column":15}},"type":"cond-expr","locations":[{"start":{"line":48,"column":16},"end":{"line":52,"column":18}},{"start":{"line":54,"column":16},"end":{"line":58,"column":18}}],"line":47}},"s":{"0":0,"1":0,"2":0,"3":0,"4":0,"5":0,"6":0,"7":0,"8":0,"9":0,"10":0,"11":0,"12":0,"13":0,"14":0},"f":{"0":0,"1":0,"2":0,"3":0,"4":0,"5":0},"b":{"0":[0,0],"1":[0,0],"2":[0,0]}}
,"C:\\Users\\nassi\\Desktop\\BOTI\\boti\\BotiMobile\\src\\components\\PaymentSheet.tsx": {"path":"C:\\Users\\nassi\\Desktop\\BOTI\\boti\\BotiMobile\\src\\components\\PaymentSheet.tsx","statementMap":{"0":{"start":{"line":12,"column":57},"end":{"line":39,"column":1}},"1":{"start":{"line":17,"column":52},"end":{"line":17,"column":63}},"2":{"start":{"line":18,"column":32},"end":{"line":18,"column":47}},"3":{"start":{"line":20,"column":28},"end":{"line":36,"column":3}},"4":{"start":{"line":21,"column":4},"end":{"line":35,"column":5}},"5":{"start":{"line":22,"column":6},"end":{"line":22,"column":23}},"6":{"start":{"line":23,"column":22},"end":{"line":23,"column":65}},"7":{"start":{"line":25,"column":6},"end":{"line":29,"column":7}},"8":{"start":{"line":26,"column":8},"end":{"line":26,"column":27}},"9":{"start":{"line":28,"column":8},"end":{"line":28,"column":27}},"10":{"start":{"line":31,"column":6},"end":{"line":31,"column":93}},"11":{"start":{"line":32,"column":6},"end":{"line":32,"column":25}},"12":{"start":{"line":34,"column":6},"end":{"line":34,"column":24}},"13":{"start":{"line":38,"column":2},"end":{"line":38,"column":14}}},"fnMap":{"0":{"name":"(anonymous_0)","decl":{"start":{"line":12,"column":57},"end":{"line":12,"column":58}},"loc":{"start":{"line":16,"column":6},"end":{"line":39,"column":1}},"line":16},"1":{"name":"(anonymous_1)","decl":{"start":{"line":20,"column":28},"end":{"line":20,"column":29}},"loc":{"start":{"line":20,"column":40},"end":{"line":36,"column":3}},"line":20}},"branchMap":{"0":{"loc":{"start":{"line":25,"column":6},"end":{"line":29,"column":7}},"type":"if","locations":[{"start":{"line":25,"column":6},"end":{"line":29,"column":7}},{"start":{"line":27,"column":13},"end":{"line":29,"column":7}}],"line":25}},"s":{"0":0,"1":0,"2":0,"3":0,"4":0,"5":0,"6":0,"7":0,"8":0,"9":0,"10":0,"11":0,"12":0,"13":0},"f":{"0":0,"1":0},"b":{"0":[0,0]}}
,"C:\\Users\\nassi\\Desktop\\BOTI\\boti\\BotiMobile\\src\\navigation\\types.ts": {"path":"C:\\Users\\nassi\\Desktop\\BOTI\\boti\\BotiMobile\\src\\navigation\\types.ts","statementMap":{},"fnMap":{},"branchMap":{},"s":{},"f":{},"b":{}}
,"C:\\Users\\nassi\\Desktop\\BOTI\\boti\\BotiMobile\\src\\redux\\authSlice.ts": {"path":"C:\\Users\\nassi\\Desktop\\BOTI\\boti\\BotiMobile\\src\\redux\\authSlice.ts","statementMap":{"0":{"start":{"line":10,"column":32},"end":{"line":14,"column":1}},"1":{"start":{"line":16,"column":18},"end":{"line":38,"column":2}},"2":{"start":{"line":21,"column":6},"end":{"line":21,"column":29}},"3":{"start":{"line":22,"column":6},"end":{"line":22,"column":25}},"4":{"start":{"line":25,"column":6},"end":{"line":25,"column":30}},"5":{"start":{"line":26,"column":6},"end":{"line":26,"column":34}},"6":{"start":{"line":27,"column":6},"end":{"line":27,"column":25}},"7":{"start":{"line":30,"column":6},"end":{"line":30,"column":30}},"8":{"start":{"line":31,"column":6},"end":{"line":31,"column":35}},"9":{"start":{"line":34,"column":6},"end":{"line":34,"column":24}},"10":{"start":{"line":35,"column":6},"end":{"line":35,"column":25}},"11":{"start":{"line":40,"column":66},"end":{"line":40,"column":83}}},"fnMap":{"0":{"name":"(anonymous_0)","decl":{"start":{"line":20,"column":16},"end":{"line":20,"column":17}},"loc":{"start":{"line":20,"column":27},"end":{"line":23,"column":5}},"line":20},"1":{"name":"(anonymous_1)","decl":{"start":{"line":24,"column":18},"end":{"line":24,"column":19}},"loc":{"start":{"line":24,"column":58},"end":{"line":28,"column":5}},"line":24},"2":{"name":"(anonymous_2)","decl":{"start":{"line":29,"column":18},"end":{"line":29,"column":19}},"loc":{"start":{"line":29,"column":60},"end":{"line":32,"column":5}},"line":29},"3":{"name":"(anonymous_3)","decl":{"start":{"line":33,"column":12},"end":{"line":33,"column":13}},"loc":{"start":{"line":33,"column":23},"end":{"line":36,"column":5}},"line":33}},"branchMap":{},"s":{"0":0,"1":0,"2":0,"3":0,"4":0,"5":0,"6":0,"7":0,"8":0,"9":0,"10":0,"11":0},"f":{"0":0,"1":0,"2":0,"3":0},"b":{}}
,"C:\\Users\\nassi\\Desktop\\BOTI\\boti\\BotiMobile\\src\\redux\\hooks.ts": {"path":"C:\\Users\\nassi\\Desktop\\BOTI\\boti\\BotiMobile\\src\\redux\\hooks.ts","statementMap":{"0":{"start":{"line":5,"column":49},"end":{"line":5,"column":60}},"1":{"start":{"line":6,"column":63},"end":{"line":6,"column":74}}},"fnMap":{},"branchMap":{},"s":{"0":0,"1":0},"f":{},"b":{}}
,"C:\\Users\\nassi\\Desktop\\BOTI\\boti\\BotiMobile\\src\\redux\\requestsSlice.ts": {"path":"C:\\Users\\nassi\\Desktop\\BOTI\\boti\\BotiMobile\\src\\redux\\requestsSlice.ts","statementMap":{"0":{"start":{"line":11,"column":36},"end":{"line":16,"column":1}},"1":{"start":{"line":18,"column":22},"end":{"line":51,"column":2}},"2":{"start":{"line":23,"column":6},"end":{"line":23,"column":29}},"3":{"start":{"line":24,"column":6},"end":{"line":24,"column":25}},"4":{"start":{"line":27,"column":6},"end":{"line":27,"column":30}},"5":{"start":{"line":28,"column":6},"end":{"line":28,"column":44}},"6":{"start":{"line":29,"column":6},"end":{"line":29,"column":25}},"7":{"start":{"line":32,"column":6},"end":{"line":32,"column":30}},"8":{"start":{"line":33,"column":6},"end":{"line":33,"column":35}},"9":{"start":{"line":36,"column":6},"end":{"line":36,"column":48}},"10":{"start":{"line":37,"column":6},"end":{"line":37,"column":46}},"11":{"start":{"line":40,"column":29},"end":{"line":40,"column":43}},"12":{"start":{"line":41,"column":22},"end":{"line":41,"column":65}},"13":{"start":{"line":41,"column":53},"end":{"line":41,"column":64}},"14":{"start":{"line":42,"column":6},"end":{"line":44,"column":7}},"15":{"start":{"line":43,"column":8},"end":{"line":43,"column":32}},"16":{"start":{"line":45,"column":26},"end":{"line":45,"column":67}},"17":{"start":{"line":45,"column":55},"end":{"line":45,"column":66}},"18":{"start":{"line":46,"column":6},"end":{"line":48,"column":7}},"19":{"start":{"line":47,"column":8},"end":{"line":47,"column":36}},"20":{"start":{"line":59,"column":4},"end":{"line":59,"column":25}}},"fnMap":{"0":{"name":"(anonymous_0)","decl":{"start":{"line":22,"column":24},"end":{"line":22,"column":25}},"loc":{"start":{"line":22,"column":35},"end":{"line":25,"column":5}},"line":22},"1":{"name":"(anonymous_1)","decl":{"start":{"line":26,"column":26},"end":{"line":26,"column":27}},"loc":{"start":{"line":26,"column":71},"end":{"line":30,"column":5}},"line":26},"2":{"name":"(anonymous_2)","decl":{"start":{"line":31,"column":26},"end":{"line":31,"column":27}},"loc":{"start":{"line":31,"column":68},"end":{"line":34,"column":5}},"line":31},"3":{"name":"(anonymous_3)","decl":{"start":{"line":35,"column":19},"end":{"line":35,"column":20}},"loc":{"start":{"line":35,"column":62},"end":{"line":38,"column":5}},"line":35},"4":{"name":"(anonymous_4)","decl":{"start":{"line":39,"column":25},"end":{"line":39,"column":26}},"loc":{"start":{"line":39,"column":102},"end":{"line":49,"column":5}},"line":39},"5":{"name":"(anonymous_5)","decl":{"start":{"line":41,"column":48},"end":{"line":41,"column":49}},"loc":{"start":{"line":41,"column":53},"end":{"line":41,"column":64}},"line":41},"6":{"name":"(anonymous_6)","decl":{"start":{"line":45,"column":50},"end":{"line":45,"column":51}},"loc":{"start":{"line":45,"column":55},"end":{"line":45,"column":66}},"line":45}},"branchMap":{"0":{"loc":{"start":{"line":42,"column":6},"end":{"line":44,"column":7}},"type":"if","locations":[{"start":{"line":42,"column":6},"end":{"line":44,"column":7}},{"start":{},"end":{}}],"line":42},"1":{"loc":{"start":{"line":46,"column":6},"end":{"line":48,"column":7}},"type":"if","locations":[{"start":{"line":46,"column":6},"end":{"line":48,"column":7}},{"start":{},"end":{}}],"line":46}},"s":{"0":0,"1":0,"2":0,"3":0,"4":0,"5":0,"6":0,"7":0,"8":0,"9":0,"10":0,"11":0,"12":0,"13":0,"14":0,"15":0,"16":0,"17":0,"18":0,"19":0,"20":0},"f":{"0":0,"1":0,"2":0,"3":0,"4":0,"5":0,"6":0},"b":{"0":[0,0],"1":[0,0]}}
,"C:\\Users\\nassi\\Desktop\\BOTI\\boti\\BotiMobile\\src\\redux\\socketMiddleware.ts": {"path":"C:\\Users\\nassi\\Desktop\\BOTI\\boti\\BotiMobile\\src\\redux\\socketMiddleware.ts","statementMap":{"0":{"start":{"line":6,"column":44},"end":{"line":30,"column":1}},"1":{"start":{"line":6,"column":53},"end":{"line":30,"column":1}},"2":{"start":{"line":6,"column":61},"end":{"line":30,"column":1}},"3":{"start":{"line":7,"column":2},"end":{"line":10,"column":3}},"4":{"start":{"line":9,"column":4},"end":{"line":9,"column":45}},"5":{"start":{"line":12,"column":2},"end":{"line":15,"column":3}},"6":{"start":{"line":14,"column":4},"end":{"line":14,"column":31}},"7":{"start":{"line":18,"column":2},"end":{"line":20,"column":5}},"8":{"start":{"line":19,"column":4},"end":{"line":19,"column":43}},"9":{"start":{"line":22,"column":2},"end":{"line":27,"column":5}},"10":{"start":{"line":23,"column":4},"end":{"line":26,"column":8}},"11":{"start":{"line":29,"column":2},"end":{"line":29,"column":22}}},"fnMap":{"0":{"name":"(anonymous_0)","decl":{"start":{"line":6,"column":44},"end":{"line":6,"column":45}},"loc":{"start":{"line":6,"column":53},"end":{"line":30,"column":1}},"line":6},"1":{"name":"(anonymous_1)","decl":{"start":{"line":6,"column":53},"end":{"line":6,"column":54}},"loc":{"start":{"line":6,"column":61},"end":{"line":30,"column":1}},"line":6},"2":{"name":"(anonymous_2)","decl":{"start":{"line":6,"column":61},"end":{"line":6,"column":62}},"loc":{"start":{"line":6,"column":71},"end":{"line":30,"column":1}},"line":6},"3":{"name":"(anonymous_3)","decl":{"start":{"line":18,"column":42},"end":{"line":18,"column":43}},"loc":{"start":{"line":18,"column":55},"end":{"line":20,"column":3}},"line":18},"4":{"name":"(anonymous_4)","decl":{"start":{"line":22,"column":45},"end":{"line":22,"column":46}},"loc":{"start":{"line":22,"column":58},"end":{"line":27,"column":3}},"line":22}},"branchMap":{"0":{"loc":{"start":{"line":7,"column":2},"end":{"line":10,"column":3}},"type":"if","locations":[{"start":{"line":7,"column":2},"end":{"line":10,"column":3}},{"start":{},"end":{}}],"line":7},"1":{"loc":{"start":{"line":12,"column":2},"end":{"line":15,"column":3}},"type":"if","locations":[{"start":{"line":12,"column":2},"end":{"line":15,"column":3}},{"start":{},"end":{}}],"line":12}},"s":{"0":0,"1":0,"2":0,"3":0,"4":0,"5":0,"6":0,"7":0,"8":0,"9":0,"10":0,"11":0},"f":{"0":0,"1":0,"2":0,"3":0,"4":0},"b":{"0":[0,0],"1":[0,0]}}
,"C:\\Users\\nassi\\Desktop\\BOTI\\boti\\BotiMobile\\src\\redux\\store.ts": {"path":"C:\\Users\\nassi\\Desktop\\BOTI\\boti\\BotiMobile\\src\\redux\\store.ts","statementMap":{"0":{"start":{"line":6,"column":14},"end":{"line":13,"column":2}},"1":{"start":{"line":12,"column":4},"end":{"line":12,"column":51}}},"fnMap":{"0":{"name":"(anonymous_0)","decl":{"start":{"line":11,"column":14},"end":{"line":11,"column":15}},"loc":{"start":{"line":12,"column":4},"end":{"line":12,"column":51}},"line":12}},"branchMap":{},"s":{"0":0,"1":0},"f":{"0":0},"b":{}}
,"C:\\Users\\nassi\\Desktop\\BOTI\\boti\\BotiMobile\\src\\screens\\AuthScreen.tsx": {"path":"C:\\Users\\nassi\\Desktop\\BOTI\\boti\\BotiMobile\\src\\screens\\AuthScreen.tsx","statementMap":{"0":{"start":{"line":16,"column":53},"end":{"line":79,"column":1}},"1":{"start":{"line":17,"column":26},"end":{"line":17,"column":65}},"2":{"start":{"line":18,"column":28},"end":{"line":18,"column":40}},"3":{"start":{"line":19,"column":34},"end":{"line":19,"column":46}},"4":{"start":{"line":21,"column":22},"end":{"line":34,"column":3}},"5":{"start":{"line":22,"column":4},"end":{"line":33,"column":5}},"6":{"start":{"line":24,"column":29},"end":{"line":29,"column":7}},"7":{"start":{"line":30,"column":6},"end":{"line":30,"column":24}},"8":{"start":{"line":32,"column":6},"end":{"line":32,"column":44}},"9":{"start":{"line":36,"column":2},"end":{"line":78,"column":4}},"10":{"start":{"line":44,"column":27},"end":{"line":44,"column":44}},"11":{"start":{"line":50,"column":27},"end":{"line":50,"column":44}},"12":{"start":{"line":81,"column":15},"end":{"line":139,"column":2}}},"fnMap":{"0":{"name":"(anonymous_0)","decl":{"start":{"line":16,"column":53},"end":{"line":16,"column":54}},"loc":{"start":{"line":16,"column":70},"end":{"line":79,"column":1}},"line":16},"1":{"name":"(anonymous_1)","decl":{"start":{"line":21,"column":22},"end":{"line":21,"column":23}},"loc":{"start":{"line":21,"column":34},"end":{"line":34,"column":3}},"line":21},"2":{"name":"(anonymous_2)","decl":{"start":{"line":44,"column":21},"end":{"line":44,"column":22}},"loc":{"start":{"line":44,"column":27},"end":{"line":44,"column":44}},"line":44},"3":{"name":"(anonymous_3)","decl":{"start":{"line":50,"column":21},"end":{"line":50,"column":22}},"loc":{"start":{"line":50,"column":27},"end":{"line":50,"column":44}},"line":50}},"branchMap":{"0":{"loc":{"start":{"line":43,"column":39},"end":{"line":43,"column":77}},"type":"binary-expr","locations":[{"start":{"line":43,"column":39},"end":{"line":43,"column":56}},{"start":{"line":43,"column":60},"end":{"line":43,"column":77}}],"line":43},"1":{"loc":{"start":{"line":49,"column":39},"end":{"line":49,"column":77}},"type":"binary-expr","locations":[{"start":{"line":49,"column":39},"end":{"line":49,"column":56}},{"start":{"line":49,"column":60},"end":{"line":49,"column":77}}],"line":49}},"s":{"0":0,"1":0,"2":0,"3":0,"4":0,"5":0,"6":0,"7":0,"8":0,"9":0,"10":0,"11":0,"12":0},"f":{"0":0,"1":0,"2":0,"3":0},"b":{"0":[0,0],"1":[0,0]}}
,"C:\\Users\\nassi\\Desktop\\BOTI\\boti\\BotiMobile\\src\\screens\\ClientDashboard.tsx": {"path":"C:\\Users\\nassi\\Desktop\\BOTI\\boti\\BotiMobile\\src\\screens\\ClientDashboard.tsx","statementMap":{"0":{"start":{"line":37,"column":63},"end":{"line":234,"column":1}},"1":{"start":{"line":38,"column":50},"end":{"line":38,"column":81}},"2":{"start":{"line":39,"column":46},"end":{"line":39,"column":77}},"3":{"start":{"line":40,"column":28},"end":{"line":40,"column":39}},"4":{"start":{"line":41,"column":44},"end":{"line":41,"column":55}},"5":{"start":{"line":42,"column":44},"end":{"line":42,"column":66}},"6":{"start":{"line":43,"column":42},"end":{"line":46,"column":4}},"7":{"start":{"line":47,"column":40},"end":{"line":47,"column":55}},"8":{"start":{"line":48,"column":50},"end":{"line":48,"column":79}},"9":{"start":{"line":49,"column":46},"end":{"line":49,"column":106}},"10":{"start":{"line":51,"column":19},"end":{"line":51,"column":71}},"11":{"start":{"line":51,"column":43},"end":{"line":51,"column":70}},"12":{"start":{"line":52,"column":19},"end":{"line":52,"column":32}},"13":{"start":{"line":54,"column":2},"end":{"line":71,"column":21}},"14":{"start":{"line":56,"column":34},"end":{"line":69,"column":5}},"15":{"start":{"line":70,"column":4},"end":{"line":70,"column":34}},"16":{"start":{"line":72,"column":2},"end":{"line":84,"column":25}},"17":{"start":{"line":73,"column":33},"end":{"line":77,"column":5}},"18":{"start":{"line":74,"column":6},"end":{"line":76,"column":7}},"19":{"start":{"line":75,"column":8},"end":{"line":75,"column":41}},"20":{"start":{"line":79,"column":4},"end":{"line":79,"column":76}},"21":{"start":{"line":81,"column":4},"end":{"line":83,"column":6}},"22":{"start":{"line":82,"column":6},"end":{"line":82,"column":81}},"23":{"start":{"line":86,"column":25},"end":{"line":91,"column":3}},"24":{"start":{"line":88,"column":22},"end":{"line":88,"column":24}},"25":{"start":{"line":89,"column":26},"end":{"line":89,"column":28}},"26":{"start":{"line":90,"column":4},"end":{"line":90,"column":37}},"27":{"start":{"line":93,"column":30},"end":{"line":97,"column":3}},"28":{"start":{"line":94,"column":23},"end":{"line":94,"column":39}},"29":{"start":{"line":95,"column":4},"end":{"line":95,"column":25}},"30":{"start":{"line":96,"column":4},"end":{"line":96,"column":25}},"31":{"start":{"line":98,"column":31},"end":{"line":116,"column":3}},"32":{"start":{"line":99,"column":23},"end":{"line":107,"column":5}},"33":{"start":{"line":109,"column":4},"end":{"line":109,"column":44}},"34":{"start":{"line":110,"column":4},"end":{"line":114,"column":6}},"35":{"start":{"line":115,"column":4},"end":{"line":115,"column":26}},"36":{"start":{"line":118,"column":31},"end":{"line":125,"column":3}},"37":{"start":{"line":119,"column":4},"end":{"line":123,"column":6}},"38":{"start":{"line":124,"column":4},"end":{"line":124,"column":26}},"39":{"start":{"line":127,"column":2},"end":{"line":233,"column":4}},"40":{"start":{"line":145,"column":10},"end":{"line":152,"column":12}},"41":{"start":{"line":171,"column":14},"end":{"line":187,"column":33}},"42":{"start":{"line":177,"column":31},"end":{"line":177,"column":72}},"43":{"start":{"line":194,"column":14},"end":{"line":210,"column":33}},"44":{"start":{"line":200,"column":31},"end":{"line":200,"column":70}},"45":{"start":{"line":228,"column":26},"end":{"line":228,"column":47}},"46":{"start":{"line":236,"column":15},"end":{"line":297,"column":2}}},"fnMap":{"0":{"name":"(anonymous_0)","decl":{"start":{"line":37,"column":63},"end":{"line":37,"column":64}},"loc":{"start":{"line":37,"column":77},"end":{"line":234,"column":1}},"line":37},"1":{"name":"(anonymous_1)","decl":{"start":{"line":51,"column":34},"end":{"line":51,"column":35}},"loc":{"start":{"line":51,"column":43},"end":{"line":51,"column":70}},"line":51},"2":{"name":"(anonymous_2)","decl":{"start":{"line":54,"column":12},"end":{"line":54,"column":13}},"loc":{"start":{"line":54,"column":18},"end":{"line":71,"column":3}},"line":54},"3":{"name":"(anonymous_3)","decl":{"start":{"line":72,"column":12},"end":{"line":72,"column":13}},"loc":{"start":{"line":72,"column":18},"end":{"line":84,"column":3}},"line":72},"4":{"name":"(anonymous_4)","decl":{"start":{"line":73,"column":33},"end":{"line":73,"column":34}},"loc":{"start":{"line":73,"column":116},"end":{"line":77,"column":5}},"line":73},"5":{"name":"(anonymous_5)","decl":{"start":{"line":81,"column":11},"end":{"line":81,"column":12}},"loc":{"start":{"line":81,"column":17},"end":{"line":83,"column":5}},"line":81},"6":{"name":"(anonymous_6)","decl":{"start":{"line":86,"column":25},"end":{"line":86,"column":26}},"loc":{"start":{"line":86,"column":31},"end":{"line":91,"column":3}},"line":86},"7":{"name":"(anonymous_7)","decl":{"start":{"line":93,"column":30},"end":{"line":93,"column":31}},"loc":{"start":{"line":93,"column":42},"end":{"line":97,"column":3}},"line":93},"8":{"name":"(anonymous_8)","decl":{"start":{"line":98,"column":31},"end":{"line":98,"column":32}},"loc":{"start":{"line":98,"column":37},"end":{"line":116,"column":3}},"line":98},"9":{"name":"(anonymous_9)","decl":{"start":{"line":118,"column":31},"end":{"line":118,"column":32}},"loc":{"start":{"line":118,"column":37},"end":{"line":125,"column":3}},"line":118},"10":{"name":"(anonymous_10)","decl":{"start":{"line":144,"column":27},"end":{"line":144,"column":28}},"loc":{"start":{"line":145,"column":10},"end":{"line":152,"column":12}},"line":145},"11":{"name":"(anonymous_11)","decl":{"start":{"line":170,"column":54},"end":{"line":170,"column":55}},"loc":{"start":{"line":171,"column":14},"end":{"line":187,"column":33}},"line":171},"12":{"name":"(anonymous_12)","decl":{"start":{"line":177,"column":25},"end":{"line":177,"column":26}},"loc":{"start":{"line":177,"column":31},"end":{"line":177,"column":72}},"line":177},"13":{"name":"(anonymous_13)","decl":{"start":{"line":193,"column":54},"end":{"line":193,"column":55}},"loc":{"start":{"line":194,"column":14},"end":{"line":210,"column":33}},"line":194},"14":{"name":"(anonymous_14)","decl":{"start":{"line":200,"column":25},"end":{"line":200,"column":26}},"loc":{"start":{"line":200,"column":31},"end":{"line":200,"column":70}},"line":200},"15":{"name":"(anonymous_15)","decl":{"start":{"line":228,"column":20},"end":{"line":228,"column":21}},"loc":{"start":{"line":228,"column":26},"end":{"line":228,"column":47}},"line":228}},"branchMap":{"0":{"loc":{"start":{"line":43,"column":51},"end":{"line":46,"column":3}},"type":"binary-expr","locations":[{"start":{"line":43,"column":51},"end":{"line":43,"column":64}},{"start":{"line":43,"column":68},"end":{"line":46,"column":3}}],"line":43},"1":{"loc":{"start":{"line":74,"column":6},"end":{"line":76,"column":7}},"type":"if","locations":[{"start":{"line":74,"column":6},"end":{"line":76,"column":7}},{"start":{},"end":{}}],"line":74},"2":{"loc":{"start":{"line":154,"column":9},"end":{"line":161,"column":9}},"type":"binary-expr","locations":[{"start":{"line":154,"column":9},"end":{"line":154,"column":23}},{"start":{"line":155,"column":10},"end":{"line":160,"column":12}}],"line":154},"3":{"loc":{"start":{"line":175,"column":18},"end":{"line":175,"column":66}},"type":"binary-expr","locations":[{"start":{"line":175,"column":18},"end":{"line":175,"column":43}},{"start":{"line":175,"column":47},"end":{"line":175,"column":66}}],"line":175},"4":{"loc":{"start":{"line":182,"column":20},"end":{"line":182,"column":72}},"type":"binary-expr","locations":[{"start":{"line":182,"column":20},"end":{"line":182,"column":45}},{"start":{"line":182,"column":49},"end":{"line":182,"column":72}}],"line":182},"5":{"loc":{"start":{"line":198,"column":18},"end":{"line":198,"column":64}},"type":"binary-expr","locations":[{"start":{"line":198,"column":18},"end":{"line":198,"column":41}},{"start":{"line":198,"column":45},"end":{"line":198,"column":64}}],"line":198},"6":{"loc":{"start":{"line":205,"column":20},"end":{"line":205,"column":70}},"type":"binary-expr","locations":[{"start":{"line":205,"column":20},"end":{"line":205,"column":43}},{"start":{"line":205,"column":47},"end":{"line":205,"column":70}}],"line":205},"7":{"loc":{"start":{"line":224,"column":7},"end":{"line":231,"column":7}},"type":"binary-expr","locations":[{"start":{"line":224,"column":7},"end":{"line":224,"column":18}},{"start":{"line":225,"column":8},"end":{"line":230,"column":10}}],"line":224}},"s":{"0":0,"1":0,"2":0,"3":0,"4":0,"5":0,"6":0,"7":0,"8":0,"9":0,"10":0,"11":0,"12":0,"13":0,"14":0,"15":0,"16":0,"17":0,"18":0,"19":0,"20":0,"21":0,"22":0,"23":0,"24":0,"25":0,"26":0,"27":0,"28":0,"29":0,"30":0,"31":0,"32":0,"33":0,"34":0,"35":0,"36":0,"37":0,"38":0,"39":0,"40":0,"41":0,"42":0,"43":0,"44":0,"45":0,"46":0},"f":{"0":0,"1":0,"2":0,"3":0,"4":0,"5":0,"6":0,"7":0,"8":0,"9":0,"10":0,"11":0,"12":0,"13":0,"14":0,"15":0},"b":{"0":[0,0],"1":[0,0],"2":[0,0],"3":[0,0],"4":[0,0],"5":[0,0],"6":[0,0],"7":[0,0]}}
,"C:\\Users\\nassi\\Desktop\\BOTI\\boti\\BotiMobile\\src\\screens\\WorkerDashboard.tsx": {"path":"C:\\Users\\nassi\\Desktop\\BOTI\\boti\\BotiMobile\\src\\screens\\WorkerDashboard.tsx","statementMap":{"0":{"start":{"line":27,"column":63},"end":{"line":187,"column":1}},"1":{"start":{"line":28,"column":40},"end":{"line":28,"column":54}},"2":{"start":{"line":29,"column":42},"end":{"line":32,"column":4}},"3":{"start":{"line":34,"column":19},"end":{"line":34,"column":35}},"4":{"start":{"line":35,"column":25},"end":{"line":35,"column":79}},"5":{"start":{"line":35,"column":49},"end":{"line":35,"column":78}},"6":{"start":{"line":36,"column":2},"end":{"line":62,"column":20}},"7":{"start":{"line":37,"column":4},"end":{"line":56,"column":5}},"8":{"start":{"line":38,"column":28},"end":{"line":40,"column":7}},"9":{"start":{"line":39,"column":8},"end":{"line":39,"column":46}},"10":{"start":{"line":41,"column":6},"end":{"line":41,"column":22}},"11":{"start":{"line":43,"column":6},"end":{"line":53,"column":9}},"12":{"start":{"line":45,"column":8},"end":{"line":52,"column":10}},"13":{"start":{"line":50,"column":43},"end":{"line":50,"column":72}},"14":{"start":{"line":55,"column":6},"end":{"line":55,"column":37}},"15":{"start":{"line":58,"column":4},"end":{"line":61,"column":6}},"16":{"start":{"line":59,"column":6},"end":{"line":59,"column":37}},"17":{"start":{"line":64,"column":28},"end":{"line":76,"column":3}},"18":{"start":{"line":65,"column":20},"end":{"line":65,"column":64}},"19":{"start":{"line":65,"column":45},"end":{"line":65,"column":63}},"20":{"start":{"line":66,"column":4},"end":{"line":75,"column":5}},"21":{"start":{"line":67,"column":6},"end":{"line":74,"column":8}},"22":{"start":{"line":72,"column":43},"end":{"line":72,"column":73}},"23":{"start":{"line":78,"column":30},"end":{"line":85,"column":3}},"24":{"start":{"line":79,"column":4},"end":{"line":84,"column":5}},"25":{"start":{"line":80,"column":6},"end":{"line":80,"column":45}},"26":{"start":{"line":81,"column":6},"end":{"line":81,"column":63}},"27":{"start":{"line":83,"column":6},"end":{"line":83,"column":74}},"28":{"start":{"line":87,"column":35},"end":{"line":94,"column":3}},"29":{"start":{"line":88,"column":4},"end":{"line":88,"column":26}},"30":{"start":{"line":89,"column":4},"end":{"line":93,"column":5}},"31":{"start":{"line":90,"column":6},"end":{"line":90,"column":44}},"32":{"start":{"line":92,"column":6},"end":{"line":92,"column":37}},"33":{"start":{"line":96,"column":28},"end":{"line":119,"column":3}},"34":{"start":{"line":97,"column":4},"end":{"line":118,"column":11}},"35":{"start":{"line":114,"column":23},"end":{"line":114,"column":51}},"36":{"start":{"line":121,"column":2},"end":{"line":186,"column":4}},"37":{"start":{"line":140,"column":36},"end":{"line":140,"column":58}},"38":{"start":{"line":141,"column":10},"end":{"line":149,"column":12}},"39":{"start":{"line":169,"column":30},"end":{"line":169,"column":37}},"40":{"start":{"line":171,"column":10},"end":{"line":182,"column":29}},"41":{"start":{"line":173,"column":27},"end":{"line":173,"column":53}},"42":{"start":{"line":189,"column":15},"end":{"line":260,"column":2}}},"fnMap":{"0":{"name":"(anonymous_0)","decl":{"start":{"line":27,"column":63},"end":{"line":27,"column":64}},"loc":{"start":{"line":27,"column":77},"end":{"line":187,"column":1}},"line":27},"1":{"name":"(anonymous_1)","decl":{"start":{"line":35,"column":40},"end":{"line":35,"column":41}},"loc":{"start":{"line":35,"column":49},"end":{"line":35,"column":78}},"line":35},"2":{"name":"(anonymous_2)","decl":{"start":{"line":36,"column":12},"end":{"line":36,"column":13}},"loc":{"start":{"line":36,"column":18},"end":{"line":62,"column":3}},"line":36},"3":{"name":"(anonymous_3)","decl":{"start":{"line":38,"column":28},"end":{"line":38,"column":29}},"loc":{"start":{"line":38,"column":40},"end":{"line":40,"column":7}},"line":38},"4":{"name":"(anonymous_4)","decl":{"start":{"line":43,"column":52},"end":{"line":43,"column":53}},"loc":{"start":{"line":43,"column":74},"end":{"line":53,"column":7}},"line":43},"5":{"name":"(anonymous_5)","decl":{"start":{"line":50,"column":37},"end":{"line":50,"column":38}},"loc":{"start":{"line":50,"column":43},"end":{"line":50,"column":72}},"line":50},"6":{"name":"(anonymous_6)","decl":{"start":{"line":58,"column":11},"end":{"line":58,"column":12}},"loc":{"start":{"line":58,"column":17},"end":{"line":61,"column":5}},"line":58},"7":{"name":"(anonymous_7)","decl":{"start":{"line":64,"column":28},"end":{"line":64,"column":29}},"loc":{"start":{"line":64,"column":51},"end":{"line":76,"column":3}},"line":64},"8":{"name":"(anonymous_8)","decl":{"start":{"line":65,"column":40},"end":{"line":65,"column":41}},"loc":{"start":{"line":65,"column":45},"end":{"line":65,"column":63}},"line":65},"9":{"name":"(anonymous_9)","decl":{"start":{"line":72,"column":37},"end":{"line":72,"column":38}},"loc":{"start":{"line":72,"column":43},"end":{"line":72,"column":73}},"line":72},"10":{"name":"(anonymous_10)","decl":{"start":{"line":78,"column":30},"end":{"line":78,"column":31}},"loc":{"start":{"line":78,"column":59},"end":{"line":85,"column":3}},"line":78},"11":{"name":"(anonymous_11)","decl":{"start":{"line":87,"column":35},"end":{"line":87,"column":36}},"loc":{"start":{"line":87,"column":61},"end":{"line":94,"column":3}},"line":87},"12":{"name":"(anonymous_12)","decl":{"start":{"line":96,"column":28},"end":{"line":96,"column":29}},"loc":{"start":{"line":97,"column":4},"end":{"line":118,"column":11}},"line":97},"13":{"name":"(anonymous_13)","decl":{"start":{"line":114,"column":17},"end":{"line":114,"column":18}},"loc":{"start":{"line":114,"column":23},"end":{"line":114,"column":51}},"line":114},"14":{"name":"(anonymous_14)","decl":{"start":{"line":140,"column":31},"end":{"line":140,"column":32}},"loc":{"start":{"line":140,"column":36},"end":{"line":140,"column":58}},"line":140},"15":{"name":"(anonymous_15)","decl":{"start":{"line":140,"column":64},"end":{"line":140,"column":65}},"loc":{"start":{"line":141,"column":10},"end":{"line":149,"column":12}},"line":141},"16":{"name":"(anonymous_16)","decl":{"start":{"line":169,"column":22},"end":{"line":169,"column":23}},"loc":{"start":{"line":169,"column":30},"end":{"line":169,"column":37}},"line":169},"17":{"name":"(anonymous_17)","decl":{"start":{"line":170,"column":20},"end":{"line":170,"column":21}},"loc":{"start":{"line":171,"column":10},"end":{"line":182,"column":29}},"line":171},"18":{"name":"(anonymous_18)","decl":{"start":{"line":173,"column":21},"end":{"line":173,"column":22}},"loc":{"start":{"line":173,"column":27},"end":{"line":173,"column":53}},"line":173}},"branchMap":{"0":{"loc":{"start":{"line":29,"column":51},"end":{"line":32,"column":3}},"type":"binary-expr","locations":[{"start":{"line":29,"column":51},"end":{"line":29,"column":64}},{"start":{"line":29,"column":68},"end":{"line":32,"column":3}}],"line":29},"1":{"loc":{"start":{"line":37,"column":4},"end":{"line":56,"column":5}},"type":"if","locations":[{"start":{"line":37,"column":4},"end":{"line":56,"column":5}},{"start":{"line":54,"column":11},"end":{"line":56,"column":5}}],"line":37},"2":{"loc":{"start":{"line":66,"column":4},"end":{"line":75,"column":5}},"type":"if","locations":[{"start":{"line":66,"column":4},"end":{"line":75,"column":5}},{"start":{},"end":{}}],"line":66},"3":{"loc":{"start":{"line":89,"column":4},"end":{"line":93,"column":5}},"type":"if","locations":[{"start":{"line":89,"column":4},"end":{"line":93,"column":5}},{"start":{"line":91,"column":11},"end":{"line":93,"column":5}}],"line":89},"4":{"loc":{"start":{"line":155,"column":19},"end":{"line":155,"column":60}},"type":"cond-expr","locations":[{"start":{"line":155,"column":33},"end":{"line":155,"column":44}},{"start":{"line":155,"column":47},"end":{"line":155,"column":60}}],"line":155},"5":{"loc":{"start":{"line":162,"column":22},"end":{"line":162,"column":57}},"type":"cond-expr","locations":[{"start":{"line":162,"column":36},"end":{"line":162,"column":45}},{"start":{"line":162,"column":48},"end":{"line":162,"column":57}}],"line":162}},"s":{"0":0,"1":0,"2":0,"3":0,"4":0,"5":0,"6":0,"7":0,"8":0,"9":0,"10":0,"11":0,"12":0,"13":0,"14":0,"15":0,"16":0,"17":0,"18":0,"19":0,"20":0,"21":0,"22":0,"23":0,"24":0,"25":0,"26":0,"27":0,"28":0,"29":0,"30":0,"31":0,"32":0,"33":0,"34":0,"35":0,"36":0,"37":0,"38":0,"39":0,"40":0,"41":0,"42":0},"f":{"0":0,"1":0,"2":0,"3":0,"4":0,"5":0,"6":0,"7":0,"8":0,"9":0,"10":0,"11":0,"12":0,"13":0,"14":0,"15":0,"16":0,"17":0,"18":0},"b":{"0":[0,0],"1":[0,0],"2":[0,0],"3":[0,0],"4":[0,0],"5":[0,0]}}
,"C:\\Users\\nassi\\Desktop\\BOTI\\boti\\BotiMobile\\src\\services\\api.ts": {"path":"C:\\Users\\nassi\\Desktop\\BOTI\\boti\\BotiMobile\\src\\services\\api.ts","statementMap":{"0":{"start":{"line":5,"column":16},"end":{"line":5,"column":42}},"1":{"start":{"line":7,"column":12},"end":{"line":12,"column":2}},"2":{"start":{"line":14,"column":23},"end":{"line":24,"column":1}},"3":{"start":{"line":16,"column":21},"end":{"line":16,"column":71}},"4":{"start":{"line":17,"column":4},"end":{"line":17,"column":25}},"5":{"start":{"line":21,"column":21},"end":{"line":21,"column":63}},"6":{"start":{"line":22,"column":4},"end":{"line":22,"column":25}},"7":{"start":{"line":26,"column":27},"end":{"line":50,"column":1}},"8":{"start":{"line":28,"column":21},"end":{"line":28,"column":57}},"9":{"start":{"line":29,"column":4},"end":{"line":29,"column":25}},"10":{"start":{"line":33,"column":21},"end":{"line":35,"column":6}},"11":{"start":{"line":36,"column":4},"end":{"line":36,"column":25}},"12":{"start":{"line":44,"column":21},"end":{"line":47,"column":6}},"13":{"start":{"line":48,"column":4},"end":{"line":48,"column":25}},"14":{"start":{"line":52,"column":26},"end":{"line":72,"column":1}},"15":{"start":{"line":54,"column":21},"end":{"line":56,"column":6}},"16":{"start":{"line":57,"column":4},"end":{"line":57,"column":25}},"17":{"start":{"line":61,"column":4},"end":{"line":64,"column":7}},"18":{"start":{"line":68,"column":4},"end":{"line":70,"column":7}}},"fnMap":{"0":{"name":"(anonymous_0)","decl":{"start":{"line":15,"column":9},"end":{"line":15,"column":10}},"loc":{"start":{"line":15,"column":67},"end":{"line":18,"column":3}},"line":15},"1":{"name":"(anonymous_1)","decl":{"start":{"line":20,"column":12},"end":{"line":20,"column":13}},"loc":{"start":{"line":20,"column":62},"end":{"line":23,"column":3}},"line":20},"2":{"name":"(anonymous_2)","decl":{"start":{"line":27,"column":17},"end":{"line":27,"column":18}},"loc":{"start":{"line":27,"column":72},"end":{"line":30,"column":3}},"line":27},"3":{"name":"(anonymous_3)","decl":{"start":{"line":32,"column":21},"end":{"line":32,"column":22}},"loc":{"start":{"line":32,"column":88},"end":{"line":37,"column":3}},"line":32},"4":{"name":"(anonymous_4)","decl":{"start":{"line":39,"column":23},"end":{"line":39,"column":24}},"loc":{"start":{"line":43,"column":25},"end":{"line":49,"column":3}},"line":43},"5":{"name":"(anonymous_5)","decl":{"start":{"line":53,"column":20},"end":{"line":53,"column":21}},"loc":{"start":{"line":53,"column":86},"end":{"line":58,"column":3}},"line":53},"6":{"name":"(anonymous_6)","decl":{"start":{"line":60,"column":24},"end":{"line":60,"column":25}},"loc":{"start":{"line":60,"column":104},"end":{"line":65,"column":3}},"line":60},"7":{"name":"(anonymous_7)","decl":{"start":{"line":67,"column":28},"end":{"line":67,"column":29}},"loc":{"start":{"line":67,"column":93},"end":{"line":71,"column":3}},"line":67}},"branchMap":{},"s":{"0":0,"1":0,"2":0,"3":0,"4":0,"5":0,"6":0,"7":0,"8":0,"9":0,"10":0,"11":0,"12":0,"13":0,"14":0,"15":0,"16":0,"17":0,"18":0},"f":{"0":0,"1":0,"2":0,"3":0,"4":0,"5":0,"6":0,"7":0},"b":{}}
,"C:\\Users\\nassi\\Desktop\\BOTI\\boti\\BotiMobile\\src\\services\\locationService.ts": {"path":"C:\\Users\\nassi\\Desktop\\BOTI\\boti\\BotiMobile\\src\\services\\locationService.ts","statementMap":{"0":{"start":{"line":6,"column":71},"end":{"line":6,"column":75}},"1":{"start":{"line":11,"column":4},"end":{"line":13,"column":5}},"2":{"start":{"line":12,"column":6},"end":{"line":12,"column":55}},"3":{"start":{"line":14,"column":4},"end":{"line":14,"column":36}},"4":{"start":{"line":18,"column":23},"end":{"line":18,"column":73}},"5":{"start":{"line":19,"column":4},"end":{"line":22,"column":5}},"6":{"start":{"line":20,"column":6},"end":{"line":20,"column":62}},"7":{"start":{"line":21,"column":6},"end":{"line":21,"column":19}},"8":{"start":{"line":23,"column":4},"end":{"line":23,"column":16}},"9":{"start":{"line":27,"column":26},"end":{"line":27,"column":57}},"10":{"start":{"line":28,"column":4},"end":{"line":28,"column":31}},"11":{"start":{"line":28,"column":24},"end":{"line":28,"column":31}},"12":{"start":{"line":31,"column":4},"end":{"line":44,"column":6}},"13":{"start":{"line":39,"column":8},"end":{"line":42,"column":11}},"14":{"start":{"line":48,"column":4},"end":{"line":51,"column":5}},"15":{"start":{"line":49,"column":6},"end":{"line":49,"column":41}},"16":{"start":{"line":50,"column":6},"end":{"line":50,"column":39}},"17":{"start":{"line":55,"column":26},"end":{"line":55,"column":57}},"18":{"start":{"line":56,"column":4},"end":{"line":56,"column":36}},"19":{"start":{"line":56,"column":24},"end":{"line":56,"column":36}},"20":{"start":{"line":58,"column":4},"end":{"line":65,"column":5}},"21":{"start":{"line":59,"column":6},"end":{"line":61,"column":9}},"22":{"start":{"line":63,"column":6},"end":{"line":63,"column":62}},"23":{"start":{"line":64,"column":6},"end":{"line":64,"column":18}}},"fnMap":{"0":{"name":"(anonymous_0)","decl":{"start":{"line":8,"column":2},"end":{"line":8,"column":3}},"loc":{"start":{"line":8,"column":24},"end":{"line":8,"column":26}},"line":8},"1":{"name":"(anonymous_1)","decl":{"start":{"line":10,"column":2},"end":{"line":10,"column":3}},"loc":{"start":{"line":10,"column":40},"end":{"line":15,"column":3}},"line":10},"2":{"name":"(anonymous_2)","decl":{"start":{"line":17,"column":2},"end":{"line":17,"column":3}},"loc":{"start":{"line":17,"column":47},"end":{"line":24,"column":3}},"line":17},"3":{"name":"(anonymous_3)","decl":{"start":{"line":26,"column":2},"end":{"line":26,"column":3}},"loc":{"start":{"line":26,"column":24},"end":{"line":45,"column":3}},"line":26},"4":{"name":"(anonymous_4)","decl":{"start":{"line":37,"column":6},"end":{"line":37,"column":7}},"loc":{"start":{"line":37,"column":20},"end":{"line":43,"column":7}},"line":37},"5":{"name":"(anonymous_5)","decl":{"start":{"line":47,"column":2},"end":{"line":47,"column":3}},"loc":{"start":{"line":47,"column":17},"end":{"line":52,"column":3}},"line":47},"6":{"name":"(anonymous_6)","decl":{"start":{"line":54,"column":2},"end":{"line":54,"column":3}},"loc":{"start":{"line":54,"column":70},"end":{"line":66,"column":3}},"line":54}},"branchMap":{"0":{"loc":{"start":{"line":11,"column":4},"end":{"line":13,"column":5}},"type":"if","locations":[{"start":{"line":11,"column":4},"end":{"line":13,"column":5}},{"start":{},"end":{}}],"line":11},"1":{"loc":{"start":{"line":19,"column":4},"end":{"line":22,"column":5}},"type":"if","locations":[{"start":{"line":19,"column":4},"end":{"line":22,"column":5}},{"start":{},"end":{}}],"line":19},"2":{"loc":{"start":{"line":28,"column":4},"end":{"line":28,"column":31}},"type":"if","locations":[{"start":{"line":28,"column":4},"end":{"line":28,"column":31}},{"start":{},"end":{}}],"line":28},"3":{"loc":{"start":{"line":48,"column":4},"end":{"line":51,"column":5}},"type":"if","locations":[{"start":{"line":48,"column":4},"end":{"line":51,"column":5}},{"start":{},"end":{}}],"line":48},"4":{"loc":{"start":{"line":56,"column":4},"end":{"line":56,"column":36}},"type":"if","locations":[{"start":{"line":56,"column":4},"end":{"line":56,"column":36}},{"start":{},"end":{}}],"line":56}},"s":{"0":0,"1":0,"2":0,"3":0,"4":0,"5":0,"6":0,"7":0,"8":0,"9":0,"10":0,"11":0,"12":0,"13":0,"14":0,"15":0,"16":0,"17":0,"18":0,"19":0,"20":0,"21":0,"22":0,"23":0},"f":{"0":0,"1":0,"2":0,"3":0,"4":0,"5":0,"6":0},"b":{"0":[0,0],"1":[0,0],"2":[0,0],"3":[0,0],"4":[0,0]}}
,"C:\\Users\\nassi\\Desktop\\BOTI\\boti\\BotiMobile\\src\\services\\paymentService.ts": {"path":"C:\\Users\\nassi\\Desktop\\BOTI\\boti\\BotiMobile\\src\\services\\paymentService.ts","statementMap":{"0":{"start":{"line":5,"column":27},"end":{"line":5,"column":56}},"1":{"start":{"line":8,"column":4},"end":{"line":8,"column":22}},"2":{"start":{"line":12,"column":4},"end":{"line":14,"column":5}},"3":{"start":{"line":13,"column":6},"end":{"line":13,"column":53}},"4":{"start":{"line":15,"column":4},"end":{"line":15,"column":35}},"5":{"start":{"line":19,"column":4},"end":{"line":21,"column":7}},"6":{"start":{"line":25,"column":4},"end":{"line":42,"column":5}},"7":{"start":{"line":26,"column":23},"end":{"line":35,"column":8}},"8":{"start":{"line":37,"column":31},"end":{"line":37,"column":52}},"9":{"start":{"line":38,"column":6},"end":{"line":38,"column":26}},"10":{"start":{"line":40,"column":6},"end":{"line":40,"column":61}},"11":{"start":{"line":41,"column":6},"end":{"line":41,"column":18}},"12":{"start":{"line":46,"column":4},"end":{"line":74,"column":5}},"13":{"start":{"line":48,"column":59},"end":{"line":50,"column":8}},"14":{"start":{"line":52,"column":6},"end":{"line":55,"column":7}},"15":{"start":{"line":53,"column":8},"end":{"line":53,"column":76}},"16":{"start":{"line":54,"column":8},"end":{"line":54,"column":21}},"17":{"start":{"line":58,"column":27},"end":{"line":58,"column":65}},"18":{"start":{"line":61,"column":38},"end":{"line":63,"column":8}},"19":{"start":{"line":65,"column":6},"end":{"line":68,"column":7}},"20":{"start":{"line":66,"column":8},"end":{"line":66,"column":65}},"21":{"start":{"line":67,"column":8},"end":{"line":67,"column":21}},"22":{"start":{"line":70,"column":6},"end":{"line":70,"column":18}},"23":{"start":{"line":72,"column":6},"end":{"line":72,"column":56}},"24":{"start":{"line":73,"column":6},"end":{"line":73,"column":19}}},"fnMap":{"0":{"name":"(anonymous_0)","decl":{"start":{"line":7,"column":2},"end":{"line":7,"column":3}},"loc":{"start":{"line":7,"column":24},"end":{"line":9,"column":3}},"line":7},"1":{"name":"(anonymous_1)","decl":{"start":{"line":11,"column":2},"end":{"line":11,"column":3}},"loc":{"start":{"line":11,"column":39},"end":{"line":16,"column":3}},"line":11},"2":{"name":"(anonymous_2)","decl":{"start":{"line":18,"column":2},"end":{"line":18,"column":3}},"loc":{"start":{"line":18,"column":29},"end":{"line":22,"column":3}},"line":18},"3":{"name":"(anonymous_3)","decl":{"start":{"line":24,"column":2},"end":{"line":24,"column":3}},"loc":{"start":{"line":24,"column":87},"end":{"line":43,"column":3}},"line":24},"4":{"name":"(anonymous_4)","decl":{"start":{"line":45,"column":2},"end":{"line":45,"column":3}},"loc":{"start":{"line":45,"column":57},"end":{"line":75,"column":3}},"line":45}},"branchMap":{"0":{"loc":{"start":{"line":12,"column":4},"end":{"line":14,"column":5}},"type":"if","locations":[{"start":{"line":12,"column":4},"end":{"line":14,"column":5}},{"start":{},"end":{}}],"line":12},"1":{"loc":{"start":{"line":24,"column":44},"end":{"line":24,"column":68}},"type":"default-arg","locations":[{"start":{"line":24,"column":63},"end":{"line":24,"column":68}}],"line":24},"2":{"loc":{"start":{"line":52,"column":6},"end":{"line":55,"column":7}},"type":"if","locations":[{"start":{"line":52,"column":6},"end":{"line":55,"column":7}},{"start":{},"end":{}}],"line":52},"3":{"loc":{"start":{"line":65,"column":6},"end":{"line":68,"column":7}},"type":"if","locations":[{"start":{"line":65,"column":6},"end":{"line":68,"column":7}},{"start":{},"end":{}}],"line":65}},"s":{"0":0,"1":0,"2":0,"3":0,"4":0,"5":0,"6":0,"7":0,"8":0,"9":0,"10":0,"11":0,"12":0,"13":0,"14":0,"15":0,"16":0,"17":0,"18":0,"19":0,"20":0,"21":0,"22":0,"23":0,"24":0},"f":{"0":0,"1":0,"2":0,"3":0,"4":0},"b":{"0":[0,0],"1":[0],"2":[0,0],"3":[0,0]}}
,"C:\\Users\\nassi\\Desktop\\BOTI\\boti\\BotiMobile\\src\\services\\socketService.ts": {"path":"C:\\Users\\nassi\\Desktop\\BOTI\\boti\\BotiMobile\\src\\services\\socketService.ts","statementMap":{"0":{"start":{"line":5,"column":34},"end":{"line":5,"column":38}},"1":{"start":{"line":7,"column":70},"end":{"line":7,"column":79}},"2":{"start":{"line":12,"column":4},"end":{"line":14,"column":5}},"3":{"start":{"line":13,"column":6},"end":{"line":13,"column":51}},"4":{"start":{"line":15,"column":4},"end":{"line":15,"column":34}},"5":{"start":{"line":19,"column":4},"end":{"line":22,"column":7}},"6":{"start":{"line":24,"column":4},"end":{"line":24,"column":26}},"7":{"start":{"line":27,"column":4},"end":{"line":29,"column":5}},"8":{"start":{"line":28,"column":6},"end":{"line":28,"column":41}},"9":{"start":{"line":30,"column":4},"end":{"line":30,"column":51}},"10":{"start":{"line":32,"column":4},"end":{"line":34,"column":5}},"11":{"start":{"line":33,"column":6},"end":{"line":33,"column":38}},"12":{"start":{"line":38,"column":22},"end":{"line":38,"column":52}},"13":{"start":{"line":39,"column":4},"end":{"line":44,"column":5}},"14":{"start":{"line":40,"column":20},"end":{"line":40,"column":47}},"15":{"start":{"line":41,"column":6},"end":{"line":43,"column":7}},"16":{"start":{"line":42,"column":8},"end":{"line":42,"column":35}},"17":{"start":{"line":46,"column":4},"end":{"line":48,"column":5}},"18":{"start":{"line":47,"column":6},"end":{"line":47,"column":39}},"19":{"start":{"line":52,"column":4},"end":{"line":52,"column":29}},"20":{"start":{"line":52,"column":22},"end":{"line":52,"column":29}},"21":{"start":{"line":55,"column":4},"end":{"line":59,"column":7}},"22":{"start":{"line":56,"column":6},"end":{"line":58,"column":9}},"23":{"start":{"line":57,"column":8},"end":{"line":57,"column":41}},"24":{"start":{"line":61,"column":4},"end":{"line":63,"column":7}},"25":{"start":{"line":62,"column":6},"end":{"line":62,"column":48}},"26":{"start":{"line":65,"column":4},"end":{"line":67,"column":7}},"27":{"start":{"line":66,"column":6},"end":{"line":66,"column":53}},"28":{"start":{"line":69,"column":4},"end":{"line":72,"column":7}},"29":{"start":{"line":71,"column":6},"end":{"line":71,"column":52}},"30":{"start":{"line":74,"column":4},"end":{"line":77,"column":7}},"31":{"start":{"line":76,"column":6},"end":{"line":76,"column":47}},"32":{"start":{"line":79,"column":4},"end":{"line":82,"column":7}},"33":{"start":{"line":81,"column":6},"end":{"line":81,"column":52}},"34":{"start":{"line":87,"column":4},"end":{"line":87,"column":29}},"35":{"start":{"line":87,"column":22},"end":{"line":87,"column":29}},"36":{"start":{"line":88,"column":4},"end":{"line":88,"column":50}},"37":{"start":{"line":93,"column":4},"end":{"line":93,"column":29}},"38":{"start":{"line":93,"column":22},"end":{"line":93,"column":29}},"39":{"start":{"line":94,"column":4},"end":{"line":94,"column":48}},"40":{"start":{"line":99,"column":4},"end":{"line":99,"column":29}},"41":{"start":{"line":99,"column":22},"end":{"line":99,"column":29}},"42":{"start":{"line":100,"column":4},"end":{"line":100,"column":68}},"43":{"start":{"line":105,"column":4},"end":{"line":105,"column":29}},"44":{"start":{"line":105,"column":22},"end":{"line":105,"column":29}},"45":{"start":{"line":106,"column":4},"end":{"line":106,"column":54}},"46":{"start":{"line":110,"column":4},"end":{"line":113,"column":5}},"47":{"start":{"line":111,"column":6},"end":{"line":111,"column":31}},"48":{"start":{"line":112,"column":6},"end":{"line":112,"column":25}}},"fnMap":{"0":{"name":"(anonymous_0)","decl":{"start":{"line":9,"column":2},"end":{"line":9,"column":3}},"loc":{"start":{"line":9,"column":24},"end":{"line":9,"column":26}},"line":9},"1":{"name":"(anonymous_1)","decl":{"start":{"line":11,"column":2},"end":{"line":11,"column":3}},"loc":{"start":{"line":11,"column":38},"end":{"line":16,"column":3}},"line":11},"2":{"name":"(anonymous_2)","decl":{"start":{"line":18,"column":2},"end":{"line":18,"column":3}},"loc":{"start":{"line":18,"column":26},"end":{"line":25,"column":3}},"line":18},"3":{"name":"(anonymous_3)","decl":{"start":{"line":26,"column":2},"end":{"line":26,"column":3}},"loc":{"start":{"line":26,"column":70},"end":{"line":35,"column":3}},"line":26},"4":{"name":"(anonymous_4)","decl":{"start":{"line":37,"column":2},"end":{"line":37,"column":3}},"loc":{"start":{"line":37,"column":73},"end":{"line":49,"column":3}},"line":37},"5":{"name":"(anonymous_5)","decl":{"start":{"line":51,"column":2},"end":{"line":51,"column":3}},"loc":{"start":{"line":51,"column":27},"end":{"line":83,"column":3}},"line":51},"6":{"name":"(anonymous_6)","decl":{"start":{"line":55,"column":32},"end":{"line":55,"column":33}},"loc":{"start":{"line":55,"column":54},"end":{"line":59,"column":5}},"line":55},"7":{"name":"(anonymous_7)","decl":{"start":{"line":56,"column":24},"end":{"line":56,"column":25}},"loc":{"start":{"line":56,"column":36},"end":{"line":58,"column":7}},"line":56},"8":{"name":"(anonymous_8)","decl":{"start":{"line":61,"column":30},"end":{"line":61,"column":31}},"loc":{"start":{"line":61,"column":36},"end":{"line":63,"column":5}},"line":61},"9":{"name":"(anonymous_9)","decl":{"start":{"line":65,"column":33},"end":{"line":65,"column":34}},"loc":{"start":{"line":65,"column":39},"end":{"line":67,"column":5}},"line":65},"10":{"name":"(anonymous_10)","decl":{"start":{"line":69,"column":34},"end":{"line":69,"column":35}},"loc":{"start":{"line":69,"column":56},"end":{"line":72,"column":5}},"line":69},"11":{"name":"(anonymous_11)","decl":{"start":{"line":74,"column":37},"end":{"line":74,"column":38}},"loc":{"start":{"line":74,"column":59},"end":{"line":77,"column":5}},"line":74},"12":{"name":"(anonymous_12)","decl":{"start":{"line":79,"column":38},"end":{"line":79,"column":39}},"loc":{"start":{"line":79,"column":121},"end":{"line":82,"column":5}},"line":79},"13":{"name":"(anonymous_13)","decl":{"start":{"line":86,"column":2},"end":{"line":86,"column":3}},"loc":{"start":{"line":86,"column":68},"end":{"line":89,"column":3}},"line":86},"14":{"name":"(anonymous_14)","decl":{"start":{"line":92,"column":2},"end":{"line":92,"column":3}},"loc":{"start":{"line":92,"column":57},"end":{"line":95,"column":3}},"line":92},"15":{"name":"(anonymous_15)","decl":{"start":{"line":98,"column":2},"end":{"line":98,"column":3}},"loc":{"start":{"line":98,"column":68},"end":{"line":101,"column":3}},"line":98},"16":{"name":"(anonymous_16)","decl":{"start":{"line":104,"column":2},"end":{"line":104,"column":3}},"loc":{"start":{"line":104,"column":35},"end":{"line":107,"column":3}},"line":104},"17":{"name":"(anonymous_17)","decl":{"start":{"line":109,"column":2},"end":{"line":109,"column":3}},"loc":{"start":{"line":109,"column":15},"end":{"line":114,"column":3}},"line":109}},"branchMap":{"0":{"loc":{"start":{"line":12,"column":4},"end":{"line":14,"column":5}},"type":"if","locations":[{"start":{"line":12,"column":4},"end":{"line":14,"column":5}},{"start":{},"end":{}}],"line":12},"1":{"loc":{"start":{"line":27,"column":4},"end":{"line":29,"column":5}},"type":"if","locations":[{"start":{"line":27,"column":4},"end":{"line":29,"column":5}},{"start":{},"end":{}}],"line":27},"2":{"loc":{"start":{"line":32,"column":4},"end":{"line":34,"column":5}},"type":"if","locations":[{"start":{"line":32,"column":4},"end":{"line":34,"column":5}},{"start":{},"end":{}}],"line":32},"3":{"loc":{"start":{"line":39,"column":4},"end":{"line":44,"column":5}},"type":"if","locations":[{"start":{"line":39,"column":4},"end":{"line":44,"column":5}},{"start":{},"end":{}}],"line":39},"4":{"loc":{"start":{"line":41,"column":6},"end":{"line":43,"column":7}},"type":"if","locations":[{"start":{"line":41,"column":6},"end":{"line":43,"column":7}},{"start":{},"end":{}}],"line":41},"5":{"loc":{"start":{"line":46,"column":4},"end":{"line":48,"column":5}},"type":"if","locations":[{"start":{"line":46,"column":4},"end":{"line":48,"column":5}},{"start":{},"end":{}}],"line":46},"6":{"loc":{"start":{"line":52,"column":4},"end":{"line":52,"column":29}},"type":"if","locations":[{"start":{"line":52,"column":4},"end":{"line":52,"column":29}},{"start":{},"end":{}}],"line":52},"7":{"loc":{"start":{"line":87,"column":4},"end":{"line":87,"column":29}},"type":"if","locations":[{"start":{"line":87,"column":4},"end":{"line":87,"column":29}},{"start":{},"end":{}}],"line":87},"8":{"loc":{"start":{"line":93,"column":4},"end":{"line":93,"column":29}},"type":"if","locations":[{"start":{"line":93,"column":4},"end":{"line":93,"column":29}},{"start":{},"end":{}}],"line":93},"9":{"loc":{"start":{"line":99,"column":4},"end":{"line":99,"column":29}},"type":"if","locations":[{"start":{"line":99,"column":4},"end":{"line":99,"column":29}},{"start":{},"end":{}}],"line":99},"10":{"loc":{"start":{"line":105,"column":4},"end":{"line":105,"column":29}},"type":"if","locations":[{"start":{"line":105,"column":4},"end":{"line":105,"column":29}},{"start":{},"end":{}}],"line":105},"11":{"loc":{"start":{"line":110,"column":4},"end":{"line":113,"column":5}},"type":"if","locations":[{"start":{"line":110,"column":4},"end":{"line":113,"column":5}},{"start":{},"end":{}}],"line":110}},"s":{"0":0,"1":0,"2":0,"3":0,"4":0,"5":0,"6":0,"7":0,"8":0,"9":0,"10":0,"11":0,"12":0,"13":0,"14":0,"15":0,"16":0,"17":0,"18":0,"19":0,"20":0,"21":0,"22":0,"23":0,"24":0,"25":0,"26":0,"27":0,"28":0,"29":0,"30":0,"31":0,"32":0,"33":0,"34":0,"35":0,"36":0,"37":0,"38":0,"39":0,"40":0,"41":0,"42":0,"43":0,"44":0,"45":0,"46":0,"47":0,"48":0},"f":{"0":0,"1":0,"2":0,"3":0,"4":0,"5":0,"6":0,"7":0,"8":0,"9":0,"10":0,"11":0,"12":0,"13":0,"14":0,"15":0,"16":0,"17":0},"b":{"0":[0,0],"1":[0,0],"2":[0,0],"3":[0,0],"4":[0,0],"5":[0,0],"6":[0,0],"7":[0,0],"8":[0,0],"9":[0,0],"10":[0,0],"11":[0,0]}}
,"C:\\Users\\nassi\\Desktop\\BOTI\\boti\\BotiMobile\\src\\types\\index.ts": {"path":"C:\\Users\\nassi\\Desktop\\BOTI\\boti\\BotiMobile\\src\\types\\index.ts","statementMap":{},"fnMap":{},"branchMap":{},"s":{},"f":{},"b":{}}
}
